07/05/2016 01:13:10 PM - balloon.py - __init__(...) - Line#: 28 - DEBUG - PATH_INDEXER is at0
07/05/2016 01:13:10 PM - balloon.py - update(...) - Line#: 42 - CRITICAL - []
07/05/2016 01:13:10 PM - balloon.py - move(...) - Line#: 69 - DEBUG - inside the move() method. The path indexer is: 0
07/05/2016 01:13:10 PM - balloon.py - move(...) - Line#: 73 - DEBUG - just changed teh move() path_indexer value to 2. It is actually: 1
07/05/2016 01:13:10 PM - balloon.py - update(...) - Line#: 42 - CRITICAL - []
07/05/2016 01:13:10 PM - balloon.py - move(...) - Line#: 69 - DEBUG - inside the move() method. The path indexer is: 1
07/05/2016 01:13:10 PM - balloon.py - move(...) - Line#: 73 - DEBUG - just changed teh move() path_indexer value to 2. It is actually: 2
07/05/2016 01:13:10 PM - balloon.py - update(...) - Line#: 42 - CRITICAL - []
07/05/2016 01:13:10 PM - balloon.py - move(...) - Line#: 69 - DEBUG - inside the move() method. The path indexer is: 2
07/05/2016 01:13:10 PM - balloon.py - move(...) - Line#: 73 - DEBUG - just changed teh move() path_indexer value to 2. It is actually: 3
07/05/2016 01:13:10 PM - balloon.py - update(...) - Line#: 42 - CRITICAL - []
07/05/2016 01:13:10 PM - balloon.py - move(...) - Line#: 69 - DEBUG - inside the move() method. The path indexer is: 3
07/05/2016 01:13:10 PM - balloon.py - move(...) - Line#: 73 - DEBUG - just changed teh move() path_indexer value to 2. It is actually: 4
07/05/2016 01:13:10 PM - balloon.py - update(...) - Line#: 42 - CRITICAL - []
07/05/2016 01:13:10 PM - balloon.py - move(...) - Line#: 69 - DEBUG - inside the move() method. The path indexer is: 4
07/05/2016 01:13:10 PM - balloon.py - move(...) - Line#: 73 - DEBUG - just changed teh move() path_indexer value to 2. It is actually: 5
07/05/2016 01:13:10 PM - balloon.py - update(...) - Line#: 42 - CRITICAL - []
07/05/2016 01:13:10 PM - balloon.py - move(...) - Line#: 69 - DEBUG - inside the move() method. The path indexer is: 5
07/05/2016 01:13:10 PM - balloon.py - move(...) - Line#: 73 - DEBUG - just changed teh move() path_indexer value to 2. It is actually: 6
07/05/2016 01:13:10 PM - balloon.py - update(...) - Line#: 42 - CRITICAL - []
07/05/2016 01:13:10 PM - balloon.py - move(...) - Line#: 69 - DEBUG - inside the move() method. The path indexer is: 6
07/05/2016 01:13:10 PM - balloon.py - move(...) - Line#: 73 - DEBUG - just changed teh move() path_indexer value to 2. It is actually: 7
07/05/2016 01:13:10 PM - balloon.py - update(...) - Line#: 42 - CRITICAL - []
07/05/2016 01:13:10 PM - balloon.py - move(...) - Line#: 69 - DEBUG - inside the move() method. The path indexer is: 7
07/05/2016 01:13:10 PM - balloon.py - move(...) - Line#: 73 - DEBUG - just changed teh move() path_indexer value to 2. It is actually: 8
07/05/2016 01:13:10 PM - balloon.py - update(...) - Line#: 42 - CRITICAL - []
07/05/2016 01:13:10 PM - balloon.py - move(...) - Line#: 69 - DEBUG - inside the move() method. The path indexer is: 8
07/05/2016 01:13:10 PM - balloon.py - move(...) - Line#: 73 - DEBUG - just changed teh move() path_indexer value to 2. It is actually: 9
07/05/2016 01:13:10 PM - balloon.py - update(...) - Line#: 42 - CRITICAL - []
07/05/2016 01:13:10 PM - balloon.py - move(...) - Line#: 69 - DEBUG - inside the move() method. The path indexer is: 9
07/05/2016 01:13:10 PM - balloon.py - move(...) - Line#: 73 - DEBUG - just changed teh move() path_indexer value to 2. It is actually: 10
07/05/2016 01:13:10 PM - balloon.py - update(...) - Line#: 42 - CRITICAL - []
07/05/2016 01:13:10 PM - balloon.py - move(...) - Line#: 69 - DEBUG - inside the move() method. The path indexer is: 10
07/05/2016 01:13:10 PM - balloon.py - move(...) - Line#: 73 - DEBUG - just changed teh move() path_indexer value to 2. It is actually: 11
07/05/2016 01:13:10 PM - balloon.py - update(...) - Line#: 42 - CRITICAL - []
07/05/2016 01:13:10 PM - balloon.py - move(...) - Line#: 69 - DEBUG - inside the move() method. The path indexer is: 11
07/05/2016 01:13:10 PM - balloon.py - move(...) - Line#: 73 - DEBUG - just changed teh move() path_indexer value to 2. It is actually: 12
07/05/2016 01:13:11 PM - balloon.py - update(...) - Line#: 42 - CRITICAL - []
07/05/2016 01:13:11 PM - balloon.py - move(...) - Line#: 69 - DEBUG - inside the move() method. The path indexer is: 12
07/05/2016 01:13:11 PM - balloon.py - move(...) - Line#: 73 - DEBUG - just changed teh move() path_indexer value to 2. It is actually: 13
07/05/2016 01:13:11 PM - balloon.py - update(...) - Line#: 42 - CRITICAL - []
07/05/2016 01:13:11 PM - balloon.py - move(...) - Line#: 69 - DEBUG - inside the move() method. The path indexer is: 13
07/05/2016 01:13:11 PM - balloon.py - move(...) - Line#: 73 - DEBUG - just changed teh move() path_indexer value to 2. It is actually: 14
07/05/2016 01:13:11 PM - balloon.py - update(...) - Line#: 42 - CRITICAL - []
07/05/2016 01:13:11 PM - balloon.py - move(...) - Line#: 69 - DEBUG - inside the move() method. The path indexer is: 14
07/05/2016 01:13:11 PM - balloon.py - move(...) - Line#: 73 - DEBUG - just changed teh move() path_indexer value to 2. It is actually: 15
07/05/2016 01:13:11 PM - balloon.py - update(...) - Line#: 42 - CRITICAL - []
07/05/2016 01:13:11 PM - balloon.py - move(...) - Line#: 69 - DEBUG - inside the move() method. The path indexer is: 15
07/05/2016 01:13:11 PM - balloon.py - move(...) - Line#: 73 - DEBUG - just changed teh move() path_indexer value to 2. It is actually: 16
07/05/2016 01:13:11 PM - balloon.py - update(...) - Line#: 42 - CRITICAL - []
07/05/2016 01:13:11 PM - balloon.py - move(...) - Line#: 69 - DEBUG - inside the move() method. The path indexer is: 16
07/05/2016 01:13:11 PM - balloon.py - move(...) - Line#: 73 - DEBUG - just changed teh move() path_indexer value to 2. It is actually: 17
07/05/2016 01:13:11 PM - balloon.py - update(...) - Line#: 42 - CRITICAL - []
07/05/2016 01:13:11 PM - balloon.py - move(...) - Line#: 69 - DEBUG - inside the move() method. The path indexer is: 17
07/05/2016 01:13:11 PM - balloon.py - move(...) - Line#: 73 - DEBUG - just changed teh move() path_indexer value to 2. It is actually: 18
07/05/2016 01:13:11 PM - balloon.py - update(...) - Line#: 42 - CRITICAL - []
07/05/2016 01:13:11 PM - balloon.py - move(...) - Line#: 69 - DEBUG - inside the move() method. The path indexer is: 18
07/05/2016 01:13:11 PM - balloon.py - move(...) - Line#: 73 - DEBUG - just changed teh move() path_indexer value to 2. It is actually: 19
07/05/2016 01:13:11 PM - balloon.py - update(...) - Line#: 42 - CRITICAL - []
07/05/2016 01:13:11 PM - balloon.py - move(...) - Line#: 69 - DEBUG - inside the move() method. The path indexer is: 19
07/05/2016 01:13:11 PM - balloon.py - move(...) - Line#: 73 - DEBUG - just changed teh move() path_indexer value to 2. It is actually: 20
07/05/2016 01:13:11 PM - balloon.py - update(...) - Line#: 42 - CRITICAL - []
07/05/2016 01:13:11 PM - balloon.py - move(...) - Line#: 69 - DEBUG - inside the move() method. The path indexer is: 20
07/05/2016 01:13:11 PM - balloon.py - move(...) - Line#: 73 - DEBUG - just changed teh move() path_indexer value to 2. It is actually: 21
07/05/2016 01:13:11 PM - balloon.py - update(...) - Line#: 42 - CRITICAL - []
07/05/2016 01:13:11 PM - balloon.py - move(...) - Line#: 69 - DEBUG - inside the move() method. The path indexer is: 21
07/05/2016 01:13:11 PM - balloon.py - move(...) - Line#: 73 - DEBUG - just changed teh move() path_indexer value to 2. It is actually: 22
07/05/2016 01:13:11 PM - balloon.py - update(...) - Line#: 42 - CRITICAL - []
07/05/2016 01:13:11 PM - balloon.py - move(...) - Line#: 69 - DEBUG - inside the move() method. The path indexer is: 22
07/05/2016 01:13:11 PM - balloon.py - move(...) - Line#: 73 - DEBUG - just changed teh move() path_indexer value to 2. It is actually: 23
07/05/2016 01:13:11 PM - balloon.py - update(...) - Line#: 42 - CRITICAL - []
07/05/2016 01:13:11 PM - balloon.py - move(...) - Line#: 69 - DEBUG - inside the move() method. The path indexer is: 23
07/05/2016 01:13:11 PM - balloon.py - move(...) - Line#: 73 - DEBUG - just changed teh move() path_indexer value to 2. It is actually: 24
07/05/2016 01:13:11 PM - balloon.py - update(...) - Line#: 42 - CRITICAL - []
07/05/2016 01:13:11 PM - balloon.py - move(...) - Line#: 69 - DEBUG - inside the move() method. The path indexer is: 24
07/05/2016 01:13:11 PM - balloon.py - move(...) - Line#: 73 - DEBUG - just changed teh move() path_indexer value to 2. It is actually: 25
07/05/2016 01:13:11 PM - balloon.py - update(...) - Line#: 42 - CRITICAL - []
07/05/2016 01:13:11 PM - balloon.py - move(...) - Line#: 69 - DEBUG - inside the move() method. The path indexer is: 25
07/05/2016 01:13:11 PM - balloon.py - move(...) - Line#: 73 - DEBUG - just changed teh move() path_indexer value to 2. It is actually: 26
07/05/2016 01:13:11 PM - balloon.py - update(...) - Line#: 42 - CRITICAL - []
07/05/2016 01:13:11 PM - balloon.py - move(...) - Line#: 69 - DEBUG - inside the move() method. The path indexer is: 26
07/05/2016 01:13:11 PM - balloon.py - move(...) - Line#: 73 - DEBUG - just changed teh move() path_indexer value to 2. It is actually: 27
07/05/2016 01:13:12 PM - balloon.py - update(...) - Line#: 42 - CRITICAL - []
07/05/2016 01:13:12 PM - balloon.py - move(...) - Line#: 69 - DEBUG - inside the move() method. The path indexer is: 27
07/05/2016 01:13:12 PM - balloon.py - move(...) - Line#: 73 - DEBUG - just changed teh move() path_indexer value to 2. It is actually: 28
07/05/2016 01:13:12 PM - balloon.py - update(...) - Line#: 42 - CRITICAL - []
07/05/2016 01:13:12 PM - balloon.py - move(...) - Line#: 69 - DEBUG - inside the move() method. The path indexer is: 28
07/05/2016 01:13:12 PM - balloon.py - move(...) - Line#: 73 - DEBUG - just changed teh move() path_indexer value to 2. It is actually: 29
07/05/2016 01:13:12 PM - balloon.py - update(...) - Line#: 42 - CRITICAL - []
07/05/2016 01:13:12 PM - balloon.py - move(...) - Line#: 69 - DEBUG - inside the move() method. The path indexer is: 29
07/05/2016 01:13:12 PM - balloon.py - move(...) - Line#: 73 - DEBUG - just changed teh move() path_indexer value to 2. It is actually: 30
07/05/2016 01:13:12 PM - balloon.py - update(...) - Line#: 42 - CRITICAL - []
07/05/2016 01:13:12 PM - balloon.py - move(...) - Line#: 69 - DEBUG - inside the move() method. The path indexer is: 30
07/05/2016 01:13:12 PM - balloon.py - move(...) - Line#: 73 - DEBUG - just changed teh move() path_indexer value to 2. It is actually: 31
07/05/2016 01:13:12 PM - balloon.py - update(...) - Line#: 42 - CRITICAL - []
07/05/2016 01:13:12 PM - balloon.py - move(...) - Line#: 69 - DEBUG - inside the move() method. The path indexer is: 31
07/05/2016 01:13:12 PM - balloon.py - move(...) - Line#: 73 - DEBUG - just changed teh move() path_indexer value to 2. It is actually: 32
07/05/2016 01:13:12 PM - balloon.py - update(...) - Line#: 42 - CRITICAL - []
07/05/2016 01:13:12 PM - balloon.py - move(...) - Line#: 69 - DEBUG - inside the move() method. The path indexer is: 32
07/05/2016 01:13:12 PM - balloon.py - move(...) - Line#: 73 - DEBUG - just changed teh move() path_indexer value to 2. It is actually: 33
07/05/2016 01:13:12 PM - balloon.py - update(...) - Line#: 42 - CRITICAL - []
07/05/2016 01:13:12 PM - balloon.py - move(...) - Line#: 69 - DEBUG - inside the move() method. The path indexer is: 33
07/05/2016 01:13:12 PM - balloon.py - move(...) - Line#: 73 - DEBUG - just changed teh move() path_indexer value to 2. It is actually: 34
07/05/2016 01:13:12 PM - balloon.py - update(...) - Line#: 42 - CRITICAL - []
07/05/2016 01:13:12 PM - balloon.py - move(...) - Line#: 69 - DEBUG - inside the move() method. The path indexer is: 34
07/05/2016 01:13:12 PM - balloon.py - move(...) - Line#: 73 - DEBUG - just changed teh move() path_indexer value to 2. It is actually: 35
07/05/2016 01:13:12 PM - balloon.py - update(...) - Line#: 42 - CRITICAL - []
07/05/2016 01:13:12 PM - balloon.py - move(...) - Line#: 69 - DEBUG - inside the move() method. The path indexer is: 35
07/05/2016 01:13:12 PM - balloon.py - move(...) - Line#: 73 - DEBUG - just changed teh move() path_indexer value to 2. It is actually: 36
07/05/2016 01:13:12 PM - balloon.py - update(...) - Line#: 42 - CRITICAL - []
07/05/2016 01:13:12 PM - balloon.py - move(...) - Line#: 69 - DEBUG - inside the move() method. The path indexer is: 36
07/05/2016 01:13:12 PM - balloon.py - move(...) - Line#: 73 - DEBUG - just changed teh move() path_indexer value to 2. It is actually: 37
07/05/2016 01:13:12 PM - balloon.py - update(...) - Line#: 42 - CRITICAL - []
07/05/2016 01:13:12 PM - balloon.py - move(...) - Line#: 69 - DEBUG - inside the move() method. The path indexer is: 37
07/05/2016 01:13:12 PM - balloon.py - move(...) - Line#: 73 - DEBUG - just changed teh move() path_indexer value to 2. It is actually: 38
07/05/2016 01:13:12 PM - balloon.py - update(...) - Line#: 42 - CRITICAL - []
07/05/2016 01:13:12 PM - balloon.py - move(...) - Line#: 69 - DEBUG - inside the move() method. The path indexer is: 38
07/05/2016 01:13:12 PM - balloon.py - move(...) - Line#: 73 - DEBUG - just changed teh move() path_indexer value to 2. It is actually: 39
07/05/2016 01:13:12 PM - balloon.py - update(...) - Line#: 42 - CRITICAL - []
07/05/2016 01:13:12 PM - balloon.py - move(...) - Line#: 69 - DEBUG - inside the move() method. The path indexer is: 39
07/05/2016 01:13:12 PM - balloon.py - move(...) - Line#: 73 - DEBUG - just changed teh move() path_indexer value to 2. It is actually: 40
07/05/2016 01:13:12 PM - balloon.py - update(...) - Line#: 42 - CRITICAL - []
07/05/2016 01:13:12 PM - balloon.py - move(...) - Line#: 69 - DEBUG - inside the move() method. The path indexer is: 40
07/05/2016 01:13:12 PM - balloon.py - move(...) - Line#: 73 - DEBUG - just changed teh move() path_indexer value to 2. It is actually: 41
07/05/2016 01:13:12 PM - balloon.py - update(...) - Line#: 42 - CRITICAL - []
07/05/2016 01:13:12 PM - balloon.py - move(...) - Line#: 69 - DEBUG - inside the move() method. The path indexer is: 41
07/05/2016 01:13:12 PM - balloon.py - move(...) - Line#: 73 - DEBUG - just changed teh move() path_indexer value to 2. It is actually: 42
07/05/2016 01:13:13 PM - balloon.py - update(...) - Line#: 42 - CRITICAL - []
07/05/2016 01:13:13 PM - balloon.py - move(...) - Line#: 69 - DEBUG - inside the move() method. The path indexer is: 42
07/05/2016 01:13:13 PM - balloon.py - move(...) - Line#: 73 - DEBUG - just changed teh move() path_indexer value to 2. It is actually: 43
07/05/2016 01:13:13 PM - balloon.py - update(...) - Line#: 42 - CRITICAL - []
07/05/2016 01:13:13 PM - balloon.py - move(...) - Line#: 69 - DEBUG - inside the move() method. The path indexer is: 43
07/05/2016 01:13:13 PM - balloon.py - move(...) - Line#: 73 - DEBUG - just changed teh move() path_indexer value to 2. It is actually: 44
07/05/2016 01:13:13 PM - balloon.py - update(...) - Line#: 42 - CRITICAL - []
07/05/2016 01:13:13 PM - balloon.py - move(...) - Line#: 69 - DEBUG - inside the move() method. The path indexer is: 44
07/05/2016 01:13:13 PM - balloon.py - move(...) - Line#: 73 - DEBUG - just changed teh move() path_indexer value to 2. It is actually: 45
07/05/2016 01:13:13 PM - balloon.py - update(...) - Line#: 42 - CRITICAL - []
07/05/2016 01:13:13 PM - balloon.py - move(...) - Line#: 69 - DEBUG - inside the move() method. The path indexer is: 45
07/05/2016 01:13:13 PM - balloon.py - move(...) - Line#: 73 - DEBUG - just changed teh move() path_indexer value to 2. It is actually: 46
07/05/2016 01:13:13 PM - balloon.py - update(...) - Line#: 42 - CRITICAL - []
07/05/2016 01:13:13 PM - balloon.py - move(...) - Line#: 69 - DEBUG - inside the move() method. The path indexer is: 46
07/05/2016 01:13:13 PM - balloon.py - move(...) - Line#: 73 - DEBUG - just changed teh move() path_indexer value to 2. It is actually: 47
07/05/2016 01:13:13 PM - balloon.py - update(...) - Line#: 42 - CRITICAL - []
07/05/2016 01:13:13 PM - balloon.py - move(...) - Line#: 69 - DEBUG - inside the move() method. The path indexer is: 47
07/05/2016 01:13:13 PM - balloon.py - move(...) - Line#: 73 - DEBUG - just changed teh move() path_indexer value to 2. It is actually: 48
07/05/2016 01:13:13 PM - balloon.py - update(...) - Line#: 42 - CRITICAL - []
07/05/2016 01:13:13 PM - balloon.py - move(...) - Line#: 69 - DEBUG - inside the move() method. The path indexer is: 48
07/05/2016 01:13:13 PM - balloon.py - move(...) - Line#: 73 - DEBUG - just changed teh move() path_indexer value to 2. It is actually: 49
07/05/2016 01:13:13 PM - balloon.py - update(...) - Line#: 42 - CRITICAL - []
07/05/2016 01:13:13 PM - balloon.py - move(...) - Line#: 69 - DEBUG - inside the move() method. The path indexer is: 49
07/05/2016 01:13:13 PM - balloon.py - move(...) - Line#: 73 - DEBUG - just changed teh move() path_indexer value to 2. It is actually: 50
07/05/2016 01:13:13 PM - balloon.py - update(...) - Line#: 42 - CRITICAL - []
07/05/2016 01:13:13 PM - balloon.py - move(...) - Line#: 69 - DEBUG - inside the move() method. The path indexer is: 50
07/05/2016 01:13:13 PM - balloon.py - move(...) - Line#: 73 - DEBUG - just changed teh move() path_indexer value to 2. It is actually: 51
07/05/2016 01:13:13 PM - balloon.py - update(...) - Line#: 42 - CRITICAL - []
07/05/2016 01:13:13 PM - balloon.py - move(...) - Line#: 69 - DEBUG - inside the move() method. The path indexer is: 51
07/05/2016 01:13:13 PM - balloon.py - move(...) - Line#: 73 - DEBUG - just changed teh move() path_indexer value to 2. It is actually: 52
07/05/2016 01:13:13 PM - balloon.py - update(...) - Line#: 42 - CRITICAL - []
07/05/2016 01:13:13 PM - balloon.py - move(...) - Line#: 69 - DEBUG - inside the move() method. The path indexer is: 52
07/05/2016 01:13:13 PM - balloon.py - move(...) - Line#: 73 - DEBUG - just changed teh move() path_indexer value to 2. It is actually: 53
07/05/2016 01:13:13 PM - balloon.py - update(...) - Line#: 42 - CRITICAL - []
07/05/2016 01:13:13 PM - balloon.py - move(...) - Line#: 69 - DEBUG - inside the move() method. The path indexer is: 53
07/05/2016 01:13:13 PM - balloon.py - move(...) - Line#: 73 - DEBUG - just changed teh move() path_indexer value to 2. It is actually: 54
07/05/2016 01:13:13 PM - balloon.py - update(...) - Line#: 42 - CRITICAL - []
07/05/2016 01:13:13 PM - balloon.py - move(...) - Line#: 69 - DEBUG - inside the move() method. The path indexer is: 54
07/05/2016 01:13:13 PM - balloon.py - move(...) - Line#: 73 - DEBUG - just changed teh move() path_indexer value to 2. It is actually: 55
07/05/2016 01:13:13 PM - balloon.py - update(...) - Line#: 42 - CRITICAL - []
07/05/2016 01:13:13 PM - balloon.py - move(...) - Line#: 69 - DEBUG - inside the move() method. The path indexer is: 55
07/05/2016 01:13:13 PM - balloon.py - move(...) - Line#: 73 - DEBUG - just changed teh move() path_indexer value to 2. It is actually: 56
07/05/2016 01:13:13 PM - balloon.py - update(...) - Line#: 42 - CRITICAL - []
07/05/2016 01:13:13 PM - balloon.py - move(...) - Line#: 69 - DEBUG - inside the move() method. The path indexer is: 56
07/05/2016 01:13:13 PM - balloon.py - move(...) - Line#: 73 - DEBUG - just changed teh move() path_indexer value to 2. It is actually: 57
07/05/2016 01:13:14 PM - balloon.py - update(...) - Line#: 42 - CRITICAL - []
07/05/2016 01:13:14 PM - balloon.py - move(...) - Line#: 69 - DEBUG - inside the move() method. The path indexer is: 57
07/05/2016 01:13:14 PM - balloon.py - move(...) - Line#: 73 - DEBUG - just changed teh move() path_indexer value to 2. It is actually: 58
07/05/2016 01:13:14 PM - balloon.py - update(...) - Line#: 42 - CRITICAL - []
07/05/2016 01:13:14 PM - balloon.py - move(...) - Line#: 69 - DEBUG - inside the move() method. The path indexer is: 58
07/05/2016 01:13:14 PM - balloon.py - move(...) - Line#: 73 - DEBUG - just changed teh move() path_indexer value to 2. It is actually: 59
07/05/2016 01:13:14 PM - balloon.py - update(...) - Line#: 42 - CRITICAL - []
07/05/2016 01:13:14 PM - balloon.py - move(...) - Line#: 69 - DEBUG - inside the move() method. The path indexer is: 59
07/05/2016 01:13:14 PM - balloon.py - move(...) - Line#: 73 - DEBUG - just changed teh move() path_indexer value to 2. It is actually: 60
07/05/2016 01:13:14 PM - balloon.py - update(...) - Line#: 42 - CRITICAL - []
07/05/2016 01:13:14 PM - balloon.py - move(...) - Line#: 69 - DEBUG - inside the move() method. The path indexer is: 60
07/05/2016 01:13:14 PM - balloon.py - move(...) - Line#: 73 - DEBUG - just changed teh move() path_indexer value to 2. It is actually: 61
07/05/2016 01:13:14 PM - balloon.py - update(...) - Line#: 42 - CRITICAL - []
07/05/2016 01:13:14 PM - balloon.py - move(...) - Line#: 69 - DEBUG - inside the move() method. The path indexer is: 61
07/05/2016 01:13:14 PM - balloon.py - move(...) - Line#: 73 - DEBUG - just changed teh move() path_indexer value to 2. It is actually: 62
07/05/2016 01:13:14 PM - balloon.py - update(...) - Line#: 42 - CRITICAL - []
07/05/2016 01:13:14 PM - balloon.py - move(...) - Line#: 69 - DEBUG - inside the move() method. The path indexer is: 62
07/05/2016 01:13:14 PM - balloon.py - move(...) - Line#: 73 - DEBUG - just changed teh move() path_indexer value to 2. It is actually: 63
07/05/2016 01:13:14 PM - icon.py - on_left_mouse_button_up(...) - Line#: 91 - INFO - The TeleportationTowerIcon is pressed
07/05/2016 01:13:14 PM - game.py - <module>(...) - Line#: 71 - INFO - type of duplicate_tower is: <class 'icon.TeleportationTowerIcon'>
07/05/2016 01:13:14 PM - balloon.py - update(...) - Line#: 42 - CRITICAL - []
07/05/2016 01:13:14 PM - balloon.py - move(...) - Line#: 69 - DEBUG - inside the move() method. The path indexer is: 63
07/05/2016 01:13:14 PM - balloon.py - move(...) - Line#: 73 - DEBUG - just changed teh move() path_indexer value to 2. It is actually: 64
07/05/2016 01:13:14 PM - balloon.py - update(...) - Line#: 42 - CRITICAL - []
07/05/2016 01:13:14 PM - balloon.py - move(...) - Line#: 69 - DEBUG - inside the move() method. The path indexer is: 64
07/05/2016 01:13:14 PM - balloon.py - move(...) - Line#: 73 - DEBUG - just changed teh move() path_indexer value to 2. It is actually: 65
07/05/2016 01:13:14 PM - balloon.py - update(...) - Line#: 42 - CRITICAL - []
07/05/2016 01:13:14 PM - balloon.py - move(...) - Line#: 69 - DEBUG - inside the move() method. The path indexer is: 65
07/05/2016 01:13:14 PM - balloon.py - move(...) - Line#: 73 - DEBUG - just changed teh move() path_indexer value to 2. It is actually: 66
07/05/2016 01:13:14 PM - balloon.py - update(...) - Line#: 42 - CRITICAL - []
07/05/2016 01:13:14 PM - balloon.py - move(...) - Line#: 69 - DEBUG - inside the move() method. The path indexer is: 66
07/05/2016 01:13:14 PM - balloon.py - move(...) - Line#: 73 - DEBUG - just changed teh move() path_indexer value to 2. It is actually: 67
07/05/2016 01:13:14 PM - balloon.py - update(...) - Line#: 42 - CRITICAL - []
07/05/2016 01:13:14 PM - balloon.py - move(...) - Line#: 69 - DEBUG - inside the move() method. The path indexer is: 67
07/05/2016 01:13:14 PM - balloon.py - move(...) - Line#: 73 - DEBUG - just changed teh move() path_indexer value to 2. It is actually: 68
07/05/2016 01:13:14 PM - balloon.py - update(...) - Line#: 42 - CRITICAL - []
07/05/2016 01:13:14 PM - balloon.py - move(...) - Line#: 69 - DEBUG - inside the move() method. The path indexer is: 68
07/05/2016 01:13:14 PM - balloon.py - move(...) - Line#: 73 - DEBUG - just changed teh move() path_indexer value to 2. It is actually: 69
07/05/2016 01:13:14 PM - balloon.py - update(...) - Line#: 42 - CRITICAL - []
07/05/2016 01:13:14 PM - balloon.py - move(...) - Line#: 69 - DEBUG - inside the move() method. The path indexer is: 69
07/05/2016 01:13:14 PM - balloon.py - move(...) - Line#: 73 - DEBUG - just changed teh move() path_indexer value to 2. It is actually: 70
07/05/2016 01:13:14 PM - balloon.py - update(...) - Line#: 42 - CRITICAL - []
07/05/2016 01:13:14 PM - balloon.py - move(...) - Line#: 69 - DEBUG - inside the move() method. The path indexer is: 70
07/05/2016 01:13:14 PM - balloon.py - move(...) - Line#: 73 - DEBUG - just changed teh move() path_indexer value to 2. It is actually: 71
07/05/2016 01:13:14 PM - balloon.py - update(...) - Line#: 42 - CRITICAL - []
07/05/2016 01:13:14 PM - balloon.py - move(...) - Line#: 69 - DEBUG - inside the move() method. The path indexer is: 71
07/05/2016 01:13:14 PM - balloon.py - move(...) - Line#: 73 - DEBUG - just changed teh move() path_indexer value to 2. It is actually: 72
07/05/2016 01:13:15 PM - balloon.py - update(...) - Line#: 42 - CRITICAL - []
07/05/2016 01:13:15 PM - balloon.py - move(...) - Line#: 69 - DEBUG - inside the move() method. The path indexer is: 72
07/05/2016 01:13:15 PM - balloon.py - move(...) - Line#: 73 - DEBUG - just changed teh move() path_indexer value to 2. It is actually: 73
07/05/2016 01:13:15 PM - balloon.py - update(...) - Line#: 42 - CRITICAL - []
07/05/2016 01:13:15 PM - balloon.py - move(...) - Line#: 69 - DEBUG - inside the move() method. The path indexer is: 73
07/05/2016 01:13:15 PM - balloon.py - move(...) - Line#: 73 - DEBUG - just changed teh move() path_indexer value to 2. It is actually: 74
07/05/2016 01:13:15 PM - balloon.py - update(...) - Line#: 42 - CRITICAL - []
07/05/2016 01:13:15 PM - balloon.py - move(...) - Line#: 69 - DEBUG - inside the move() method. The path indexer is: 74
07/05/2016 01:13:15 PM - balloon.py - move(...) - Line#: 73 - DEBUG - just changed teh move() path_indexer value to 2. It is actually: 75
07/05/2016 01:13:15 PM - balloon.py - update(...) - Line#: 42 - CRITICAL - []
07/05/2016 01:13:15 PM - balloon.py - move(...) - Line#: 69 - DEBUG - inside the move() method. The path indexer is: 75
07/05/2016 01:13:15 PM - balloon.py - move(...) - Line#: 73 - DEBUG - just changed teh move() path_indexer value to 2. It is actually: 76
07/05/2016 01:13:15 PM - balloon.py - update(...) - Line#: 42 - CRITICAL - []
07/05/2016 01:13:15 PM - balloon.py - move(...) - Line#: 69 - DEBUG - inside the move() method. The path indexer is: 76
07/05/2016 01:13:15 PM - balloon.py - move(...) - Line#: 73 - DEBUG - just changed teh move() path_indexer value to 2. It is actually: 77
07/05/2016 01:13:15 PM - balloon.py - update(...) - Line#: 42 - CRITICAL - []
07/05/2016 01:13:15 PM - balloon.py - move(...) - Line#: 69 - DEBUG - inside the move() method. The path indexer is: 77
07/05/2016 01:13:15 PM - balloon.py - move(...) - Line#: 73 - DEBUG - just changed teh move() path_indexer value to 2. It is actually: 78
07/05/2016 01:13:15 PM - balloon.py - update(...) - Line#: 42 - CRITICAL - []
07/05/2016 01:13:15 PM - balloon.py - move(...) - Line#: 69 - DEBUG - inside the move() method. The path indexer is: 78
07/05/2016 01:13:15 PM - balloon.py - move(...) - Line#: 73 - DEBUG - just changed teh move() path_indexer value to 2. It is actually: 79
07/05/2016 01:13:15 PM - balloon.py - update(...) - Line#: 42 - CRITICAL - []
07/05/2016 01:13:15 PM - balloon.py - move(...) - Line#: 69 - DEBUG - inside the move() method. The path indexer is: 79
07/05/2016 01:13:15 PM - balloon.py - move(...) - Line#: 73 - DEBUG - just changed teh move() path_indexer value to 2. It is actually: 80
07/05/2016 01:13:15 PM - balloon.py - update(...) - Line#: 42 - CRITICAL - []
07/05/2016 01:13:15 PM - balloon.py - move(...) - Line#: 69 - DEBUG - inside the move() method. The path indexer is: 80
07/05/2016 01:13:15 PM - balloon.py - move(...) - Line#: 73 - DEBUG - just changed teh move() path_indexer value to 2. It is actually: 81
07/05/2016 01:13:15 PM - balloon.py - update(...) - Line#: 42 - CRITICAL - []
07/05/2016 01:13:15 PM - balloon.py - move(...) - Line#: 69 - DEBUG - inside the move() method. The path indexer is: 81
07/05/2016 01:13:15 PM - balloon.py - move(...) - Line#: 73 - DEBUG - just changed teh move() path_indexer value to 2. It is actually: 82
07/05/2016 01:13:15 PM - balloon.py - update(...) - Line#: 42 - CRITICAL - []
07/05/2016 01:13:15 PM - balloon.py - move(...) - Line#: 69 - DEBUG - inside the move() method. The path indexer is: 82
07/05/2016 01:13:15 PM - balloon.py - move(...) - Line#: 73 - DEBUG - just changed teh move() path_indexer value to 2. It is actually: 83
07/05/2016 01:13:15 PM - balloon.py - update(...) - Line#: 42 - CRITICAL - []
07/05/2016 01:13:15 PM - balloon.py - move(...) - Line#: 69 - DEBUG - inside the move() method. The path indexer is: 83
07/05/2016 01:13:15 PM - balloon.py - move(...) - Line#: 73 - DEBUG - just changed teh move() path_indexer value to 2. It is actually: 84
07/05/2016 01:13:15 PM - balloon.py - update(...) - Line#: 42 - CRITICAL - []
07/05/2016 01:13:15 PM - balloon.py - move(...) - Line#: 69 - DEBUG - inside the move() method. The path indexer is: 84
07/05/2016 01:13:15 PM - balloon.py - move(...) - Line#: 73 - DEBUG - just changed teh move() path_indexer value to 2. It is actually: 85
07/05/2016 01:13:15 PM - tower.py - update(...) - Line#: 178 - DEBUG - ATTACK! x is: 100. y is 114
07/05/2016 01:13:15 PM - balloon.py - update(...) - Line#: 42 - CRITICAL - []
07/05/2016 01:13:15 PM - balloon.py - move(...) - Line#: 69 - DEBUG - inside the move() method. The path indexer is: 85
07/05/2016 01:13:15 PM - balloon.py - move(...) - Line#: 73 - DEBUG - just changed teh move() path_indexer value to 2. It is actually: 86
07/05/2016 01:13:15 PM - balloon.py - update(...) - Line#: 42 - CRITICAL - []
07/05/2016 01:13:15 PM - balloon.py - move(...) - Line#: 69 - DEBUG - inside the move() method. The path indexer is: 86
07/05/2016 01:13:15 PM - balloon.py - move(...) - Line#: 73 - DEBUG - just changed teh move() path_indexer value to 2. It is actually: 87
07/05/2016 01:13:16 PM - balloon.py - update(...) - Line#: 42 - CRITICAL - []
07/05/2016 01:13:16 PM - balloon.py - move(...) - Line#: 69 - DEBUG - inside the move() method. The path indexer is: 87
07/05/2016 01:13:16 PM - balloon.py - move(...) - Line#: 73 - DEBUG - just changed teh move() path_indexer value to 2. It is actually: 88
07/05/2016 01:13:16 PM - balloon.py - update(...) - Line#: 42 - CRITICAL - [<TeleportationBullet sprite(in 1 groups)>]
07/05/2016 01:13:16 PM - balloon.py - update(...) - Line#: 57 - DEBUG - =================== TELEPORTATION BULLET=======================
07/05/2016 01:13:16 PM - balloon.py - teleport(...) - Line#: 78 - DEBUG - inside teleport()
07/05/2016 01:13:16 PM - balloon.py - update(...) - Line#: 42 - CRITICAL - []
07/05/2016 01:13:16 PM - balloon.py - move(...) - Line#: 69 - DEBUG - inside the move() method. The path indexer is: 68
07/05/2016 01:13:16 PM - balloon.py - move(...) - Line#: 73 - DEBUG - just changed teh move() path_indexer value to 2. It is actually: 69
07/05/2016 01:13:16 PM - balloon.py - update(...) - Line#: 42 - CRITICAL - []
07/05/2016 01:13:16 PM - balloon.py - move(...) - Line#: 69 - DEBUG - inside the move() method. The path indexer is: 69
07/05/2016 01:13:16 PM - balloon.py - move(...) - Line#: 73 - DEBUG - just changed teh move() path_indexer value to 2. It is actually: 70
07/05/2016 01:13:16 PM - balloon.py - update(...) - Line#: 42 - CRITICAL - []
07/05/2016 01:13:16 PM - balloon.py - move(...) - Line#: 69 - DEBUG - inside the move() method. The path indexer is: 70
07/05/2016 01:13:16 PM - balloon.py - move(...) - Line#: 73 - DEBUG - just changed teh move() path_indexer value to 2. It is actually: 71
07/05/2016 01:13:16 PM - balloon.py - update(...) - Line#: 42 - CRITICAL - []
07/05/2016 01:13:16 PM - balloon.py - move(...) - Line#: 69 - DEBUG - inside the move() method. The path indexer is: 71
07/05/2016 01:13:16 PM - balloon.py - move(...) - Line#: 73 - DEBUG - just changed teh move() path_indexer value to 2. It is actually: 72
07/05/2016 01:13:16 PM - balloon.py - update(...) - Line#: 42 - CRITICAL - []
07/05/2016 01:13:16 PM - balloon.py - move(...) - Line#: 69 - DEBUG - inside the move() method. The path indexer is: 72
07/05/2016 01:13:16 PM - balloon.py - move(...) - Line#: 73 - DEBUG - just changed teh move() path_indexer value to 2. It is actually: 73
07/05/2016 01:13:16 PM - balloon.py - update(...) - Line#: 42 - CRITICAL - []
07/05/2016 01:13:16 PM - balloon.py - move(...) - Line#: 69 - DEBUG - inside the move() method. The path indexer is: 73
07/05/2016 01:13:16 PM - balloon.py - move(...) - Line#: 73 - DEBUG - just changed teh move() path_indexer value to 2. It is actually: 74
07/05/2016 01:13:16 PM - balloon.py - update(...) - Line#: 42 - CRITICAL - []
07/05/2016 01:13:16 PM - balloon.py - move(...) - Line#: 69 - DEBUG - inside the move() method. The path indexer is: 74
07/05/2016 01:13:16 PM - balloon.py - move(...) - Line#: 73 - DEBUG - just changed teh move() path_indexer value to 2. It is actually: 75
07/05/2016 01:13:16 PM - tower.py - update(...) - Line#: 178 - DEBUG - ATTACK! x is: 100. y is 104
07/05/2016 01:13:16 PM - balloon.py - update(...) - Line#: 42 - CRITICAL - []
07/05/2016 01:13:16 PM - balloon.py - move(...) - Line#: 69 - DEBUG - inside the move() method. The path indexer is: 75
07/05/2016 01:13:16 PM - balloon.py - move(...) - Line#: 73 - DEBUG - just changed teh move() path_indexer value to 2. It is actually: 76
07/05/2016 01:13:16 PM - balloon.py - update(...) - Line#: 42 - CRITICAL - []
07/05/2016 01:13:16 PM - balloon.py - move(...) - Line#: 69 - DEBUG - inside the move() method. The path indexer is: 76
07/05/2016 01:13:16 PM - balloon.py - move(...) - Line#: 73 - DEBUG - just changed teh move() path_indexer value to 2. It is actually: 77
07/05/2016 01:13:16 PM - balloon.py - update(...) - Line#: 42 - CRITICAL - []
07/05/2016 01:13:16 PM - balloon.py - move(...) - Line#: 69 - DEBUG - inside the move() method. The path indexer is: 77
07/05/2016 01:13:16 PM - balloon.py - move(...) - Line#: 73 - DEBUG - just changed teh move() path_indexer value to 2. It is actually: 78
07/05/2016 01:13:16 PM - balloon.py - update(...) - Line#: 42 - CRITICAL - [<TeleportationBullet sprite(in 1 groups)>]
07/05/2016 01:13:16 PM - balloon.py - update(...) - Line#: 57 - DEBUG - =================== TELEPORTATION BULLET=======================
07/05/2016 01:13:16 PM - balloon.py - teleport(...) - Line#: 78 - DEBUG - inside teleport()
07/05/2016 01:13:16 PM - balloon.py - update(...) - Line#: 42 - CRITICAL - []
07/05/2016 01:13:16 PM - balloon.py - move(...) - Line#: 69 - DEBUG - inside the move() method. The path indexer is: 58
07/05/2016 01:13:16 PM - balloon.py - move(...) - Line#: 73 - DEBUG - just changed teh move() path_indexer value to 2. It is actually: 59
07/05/2016 01:13:16 PM - balloon.py - update(...) - Line#: 42 - CRITICAL - []
07/05/2016 01:13:16 PM - balloon.py - move(...) - Line#: 69 - DEBUG - inside the move() method. The path indexer is: 59
07/05/2016 01:13:16 PM - balloon.py - move(...) - Line#: 73 - DEBUG - just changed teh move() path_indexer value to 2. It is actually: 60
07/05/2016 01:13:17 PM - balloon.py - update(...) - Line#: 42 - CRITICAL - []
07/05/2016 01:13:17 PM - balloon.py - move(...) - Line#: 69 - DEBUG - inside the move() method. The path indexer is: 60
07/05/2016 01:13:17 PM - balloon.py - move(...) - Line#: 73 - DEBUG - just changed teh move() path_indexer value to 2. It is actually: 61
07/05/2016 01:13:17 PM - balloon.py - update(...) - Line#: 42 - CRITICAL - []
07/05/2016 01:13:17 PM - balloon.py - move(...) - Line#: 69 - DEBUG - inside the move() method. The path indexer is: 61
07/05/2016 01:13:17 PM - balloon.py - move(...) - Line#: 73 - DEBUG - just changed teh move() path_indexer value to 2. It is actually: 62
07/05/2016 01:13:17 PM - balloon.py - update(...) - Line#: 42 - CRITICAL - []
07/05/2016 01:13:17 PM - balloon.py - move(...) - Line#: 69 - DEBUG - inside the move() method. The path indexer is: 62
07/05/2016 01:13:17 PM - balloon.py - move(...) - Line#: 73 - DEBUG - just changed teh move() path_indexer value to 2. It is actually: 63
07/05/2016 01:13:17 PM - balloon.py - update(...) - Line#: 42 - CRITICAL - []
07/05/2016 01:13:17 PM - balloon.py - move(...) - Line#: 69 - DEBUG - inside the move() method. The path indexer is: 63
07/05/2016 01:13:17 PM - balloon.py - move(...) - Line#: 73 - DEBUG - just changed teh move() path_indexer value to 2. It is actually: 64
07/05/2016 01:13:17 PM - balloon.py - update(...) - Line#: 42 - CRITICAL - []
07/05/2016 01:13:17 PM - balloon.py - move(...) - Line#: 69 - DEBUG - inside the move() method. The path indexer is: 64
07/05/2016 01:13:17 PM - balloon.py - move(...) - Line#: 73 - DEBUG - just changed teh move() path_indexer value to 2. It is actually: 65
07/05/2016 01:13:17 PM - tower.py - update(...) - Line#: 178 - DEBUG - ATTACK! x is: 100. y is 94
07/05/2016 01:13:17 PM - balloon.py - update(...) - Line#: 42 - CRITICAL - []
07/05/2016 01:13:17 PM - balloon.py - move(...) - Line#: 69 - DEBUG - inside the move() method. The path indexer is: 65
07/05/2016 01:13:17 PM - balloon.py - move(...) - Line#: 73 - DEBUG - just changed teh move() path_indexer value to 2. It is actually: 66
07/05/2016 01:13:17 PM - balloon.py - update(...) - Line#: 42 - CRITICAL - []
07/05/2016 01:13:17 PM - balloon.py - move(...) - Line#: 69 - DEBUG - inside the move() method. The path indexer is: 66
07/05/2016 01:13:17 PM - balloon.py - move(...) - Line#: 73 - DEBUG - just changed teh move() path_indexer value to 2. It is actually: 67
07/05/2016 01:13:17 PM - balloon.py - update(...) - Line#: 42 - CRITICAL - []
07/05/2016 01:13:17 PM - balloon.py - move(...) - Line#: 69 - DEBUG - inside the move() method. The path indexer is: 67
07/05/2016 01:13:17 PM - balloon.py - move(...) - Line#: 73 - DEBUG - just changed teh move() path_indexer value to 2. It is actually: 68
07/05/2016 01:13:17 PM - balloon.py - update(...) - Line#: 42 - CRITICAL - []
07/05/2016 01:13:17 PM - balloon.py - move(...) - Line#: 69 - DEBUG - inside the move() method. The path indexer is: 68
07/05/2016 01:13:17 PM - balloon.py - move(...) - Line#: 73 - DEBUG - just changed teh move() path_indexer value to 2. It is actually: 69
